<?xml version="1.0" encoding="UTF-8"?>
<testng-results ignored="0" total="2" passed="2" failed="0" skipped="0">
  <reporter-output>
  </reporter-output>
  <suite started-at="2025-05-30T11:40:55 IST" name="Suite" finished-at="2025-05-30T11:41:06 IST" duration-ms="11012">
    <groups>
      <group name="Sanity">
        <method signature="TestCaseLoginpage.actualtest()[pri:0, instance:testcase01.TestCaseLoginpage@626c44e7]" name="actualtest" class="testcase01.TestCaseLoginpage"/>
        <method signature="Testcase1.actualtest()[pri:0, instance:testcase01.Testcase1@35d08e6c]" name="actualtest" class="testcase01.Testcase1"/>
      </group> <!-- Sanity -->
      <group name="Regression">
        <method signature="TestCaseLoginpage.actualtest()[pri:0, instance:testcase01.TestCaseLoginpage@626c44e7]" name="actualtest" class="testcase01.TestCaseLoginpage"/>
        <method signature="Testcase1.actualtest()[pri:0, instance:testcase01.Testcase1@35d08e6c]" name="actualtest" class="testcase01.Testcase1"/>
      </group> <!-- Regression -->
    </groups>
    <test started-at="2025-05-30T11:40:55 IST" name="Test" finished-at="2025-05-30T11:41:06 IST" duration-ms="11012">
      <class name="testcase01.Testcase1">
        <test-method is-config="true" signature="setup(java.lang.String,java.lang.String)[pri:0, instance:testcase01.Testcase1@35d08e6c]" started-at="2025-05-30T11:41:00 IST" name="setup" finished-at="2025-05-30T11:41:03 IST" duration-ms="2829" status="PASS">
          <params>
            <param index="0">
              <value>
                <![CDATA[windows]]>
              </value>
            </param>
            <param index="1">
              <value>
                <![CDATA[chrome]]>
              </value>
            </param>
          </params>
          <reporter-output>
          </reporter-output>
        </test-method> <!-- setup -->
        <test-method signature="actualtest()[pri:0, instance:testcase01.Testcase1@35d08e6c]" started-at="2025-05-30T11:41:03 IST" name="actualtest" finished-at="2025-05-30T11:41:05 IST" duration-ms="2361" status="PASS">
          <reporter-output>
          </reporter-output>
        </test-method> <!-- actualtest -->
        <test-method is-config="true" signature="tearout()[pri:0, instance:testcase01.Testcase1@35d08e6c]" started-at="2025-05-30T11:41:05 IST" name="tearout" finished-at="2025-05-30T11:41:06 IST" duration-ms="262" status="PASS">
          <reporter-output>
          </reporter-output>
        </test-method> <!-- tearout -->
      </class> <!-- testcase01.Testcase1 -->
      <class name="testcase01.TestCaseLoginpage">
        <test-method is-config="true" signature="setup(java.lang.String,java.lang.String)[pri:0, instance:testcase01.TestCaseLoginpage@626c44e7]" started-at="2025-05-30T11:40:55 IST" name="setup" finished-at="2025-05-30T11:40:58 IST" duration-ms="3145" status="PASS">
          <params>
            <param index="0">
              <value>
                <![CDATA[windows]]>
              </value>
            </param>
            <param index="1">
              <value>
                <![CDATA[chrome]]>
              </value>
            </param>
          </params>
          <reporter-output>
          </reporter-output>
        </test-method> <!-- setup -->
        <test-method signature="actualtest()[pri:0, instance:testcase01.TestCaseLoginpage@626c44e7]" started-at="2025-05-30T11:40:58 IST" name="actualtest" finished-at="2025-05-30T11:41:00 IST" duration-ms="1828" status="PASS">
          <reporter-output>
          </reporter-output>
        </test-method> <!-- actualtest -->
        <test-method is-config="true" signature="tearout()[pri:0, instance:testcase01.TestCaseLoginpage@626c44e7]" started-at="2025-05-30T11:41:00 IST" name="tearout" finished-at="2025-05-30T11:41:00 IST" duration-ms="285" status="PASS">
          <reporter-output>
          </reporter-output>
        </test-method> <!-- tearout -->
      </class> <!-- testcase01.TestCaseLoginpage -->
    </test> <!-- Test -->
  </suite> <!-- Suite -->
</testng-results>
